{"C:\\Users\\ACER\\Desktop\\React\\FE-booking-ticket\\src\\containers\\public\\home\\search\\search.hooks.tsx": {"path":"C:\\Users\\ACER\\Desktop\\React\\FE-booking-ticket\\src\\containers\\public\\home\\search\\search.hooks.tsx","statementMap":{"0":{"start":{"line":2,"column":0},"end":{"line":2,"column":42}},"1":{"start":{"line":6,"column":23},"end":{"line":7,"column":null}},"2":{"start":{"line":7,"column":26},"end":{"line":7,"column":51}},"3":{"start":{"line":9,"column":24},"end":{"line":9,"column":79}},"4":{"start":{"line":9,"column":58},"end":{"line":9,"column":78}},"5":{"start":{"line":10,"column":22},"end":{"line":11,"column":null}},"6":{"start":{"line":11,"column":17},"end":{"line":11,"column":60}},"7":{"start":{"line":13,"column":20},"end":{"line":14,"column":null}},"8":{"start":{"line":14,"column":17},"end":{"line":14,"column":58}},"9":{"start":{"line":17,"column":22},"end":{"line":23,"column":3}},"10":{"start":{"line":18,"column":20},"end":{"line":18,"column":34}},"11":{"start":{"line":19,"column":16},"end":{"line":19,"column":64}},"12":{"start":{"line":20,"column":18},"end":{"line":20,"column":73}},"13":{"start":{"line":21,"column":17},"end":{"line":21,"column":41}},"14":{"start":{"line":22,"column":4},"end":{"line":22,"column":37}},"15":{"start":{"line":25,"column":26},"end":{"line":34,"column":4}},"16":{"start":{"line":36,"column":2},"end":{"line":36,"column":14}},"17":{"start":{"line":5,"column":0},"end":{"line":5,"column":24}}},"fnMap":{"0":{"name":"useSearch","decl":{"start":{"line":5,"column":24},"end":{"line":5,"column":33}},"loc":{"start":{"line":5,"column":33},"end":{"line":37,"column":1}}},"1":{"name":"(anonymous_1)","decl":{"start":{"line":7,"column":4},"end":{"line":7,"column":5}},"loc":{"start":{"line":7,"column":26},"end":{"line":7,"column":51}}},"2":{"name":"(anonymous_2)","decl":{"start":{"line":9,"column":36},"end":{"line":9,"column":37}},"loc":{"start":{"line":9,"column":58},"end":{"line":9,"column":78}}},"3":{"name":"(anonymous_3)","decl":{"start":{"line":11,"column":4},"end":{"line":11,"column":5}},"loc":{"start":{"line":11,"column":17},"end":{"line":11,"column":60}}},"4":{"name":"(anonymous_4)","decl":{"start":{"line":14,"column":4},"end":{"line":14,"column":5}},"loc":{"start":{"line":14,"column":17},"end":{"line":14,"column":58}}},"5":{"name":"(anonymous_5)","decl":{"start":{"line":17,"column":22},"end":{"line":17,"column":23}},"loc":{"start":{"line":17,"column":39},"end":{"line":23,"column":3}}}},"branchMap":{},"s":{"0":1,"1":1,"2":0,"3":1,"4":0,"5":1,"6":1,"7":1,"8":2,"9":1,"10":2,"11":2,"12":2,"13":2,"14":2,"15":1,"16":1,"17":1},"f":{"0":1,"1":0,"2":0,"3":1,"4":2,"5":2},"b":{}}
}
